2025-10-19 16:57:40,151 - INFO - ================================================================================
2025-10-19 16:57:40,151 - INFO - SURF DATABASE UPDATE - 100% NOAA/GOVERNMENT SOURCES
2025-10-19 16:57:40,151 - INFO - ================================================================================
2025-10-19 16:57:40,151 - INFO - Start time (PST/PDT): 2025-10-19 16:57:40 PDT
2025-10-19 16:57:40,151 - INFO - Forecast days: 7
2025-10-19 16:57:40,151 - INFO - 
2025-10-19 16:57:40,151 - INFO - DATA SOURCES (All Public Domain - Free for Commercial Use):
2025-10-19 16:57:40,151 - INFO -   • NOAA GFSwave - Wave/swell forecasts
2025-10-19 16:57:40,151 - INFO -   • NOAA NWS - Weather, temperature, wind, pressure
2025-10-19 16:57:40,151 - INFO -   • NOAA CO-OPS - Tides, water temperature
2025-10-19 16:57:40,151 - INFO -   • USNO - Sun/moon rise/set, moon phase
2025-10-19 16:57:40,151 - INFO - 
2025-10-19 16:57:40,151 - INFO - Rate limiting: 0.2s per request, 1.5s between groups
2025-10-19 16:57:40,151 - INFO - ================================================================================
2025-10-19 16:57:40,151 - INFO - Running system checks…
2025-10-19 16:57:40,634 - INFO - HTTP Request: GET https://wborkytqlmkcgwzhsoiz.supabase.co/rest/v1/beaches?select=id&limit=1 "HTTP/2 200 OK"
2025-10-19 16:57:40,636 - INFO - Database connection successful
--- Logging error ---
Traceback (most recent call last):
  File "C:\Python313\Lib\logging\__init__.py", line 1154, in emit
    stream.write(msg + self.terminator)
    ~~~~~~~~~~~~^^^^^^^^^^^^^^^^^^^^^^^
  File "C:\Python313\Lib\encodings\cp1252.py", line 19, in encode
    return codecs.charmap_encode(input,self.errors,encoding_table)[0]
           ~~~~~~~~~~~~~~~~~~~~~^^^^^^^^^^^^^^^^^^^^^^^^^^^^^^^^^^
UnicodeEncodeError: 'charmap' codec can't encode character '\u2713' in position 33: character maps to <undefined>
Call stack:
  File "E:\Code\surf_data_update\main_noaa.py", line 405, in <module>
    success = main()
  File "E:\Code\surf_data_update\main_noaa.py", line 335, in main
    if not run_system_checks():
  File "E:\Code\surf_data_update\main_noaa.py", line 231, in run_system_checks
    logger.info("\u2713 Database connection successful")
Message: '\u2713 Database connection successful'
Arguments: ()
2025-10-19 16:57:40,658 - INFO - Testing NWS API connection...
2025-10-19 16:57:40,816 - INFO - NWS API connection successful
--- Logging error ---
Traceback (most recent call last):
  File "C:\Python313\Lib\logging\__init__.py", line 1154, in emit
    stream.write(msg + self.terminator)
    ~~~~~~~~~~~~^^^^^^^^^^^^^^^^^^^^^^^
  File "C:\Python313\Lib\encodings\cp1252.py", line 19, in encode
    return codecs.charmap_encode(input,self.errors,encoding_table)[0]
           ~~~~~~~~~~~~~~~~~~~~~^^^^^^^^^^^^^^^^^^^^^^^^^^^^^^^^^^
UnicodeEncodeError: 'charmap' codec can't encode character '\u2713' in position 33: character maps to <undefined>
Call stack:
  File "E:\Code\surf_data_update\main_noaa.py", line 405, in <module>
    success = main()
  File "E:\Code\surf_data_update\main_noaa.py", line 335, in main
    if not run_system_checks():
  File "E:\Code\surf_data_update\main_noaa.py", line 237, in run_system_checks
    logger.info("\u2713 NOAA NWS API connection successful")
Message: '\u2713 NOAA NWS API connection successful'
Arguments: ()
2025-10-19 16:57:40,816 - INFO - Testing NOAA CO-OPS API connection...
2025-10-19 16:57:41,181 - INFO - NOAA CO-OPS API connection successful
--- Logging error ---
Traceback (most recent call last):
  File "C:\Python313\Lib\logging\__init__.py", line 1154, in emit
    stream.write(msg + self.terminator)
    ~~~~~~~~~~~~^^^^^^^^^^^^^^^^^^^^^^^
  File "C:\Python313\Lib\encodings\cp1252.py", line 19, in encode
    return codecs.charmap_encode(input,self.errors,encoding_table)[0]
           ~~~~~~~~~~~~~~~~~~~~~^^^^^^^^^^^^^^^^^^^^^^^^^^^^^^^^^^
UnicodeEncodeError: 'charmap' codec can't encode character '\u2713' in position 33: character maps to <undefined>
Call stack:
  File "E:\Code\surf_data_update\main_noaa.py", line 405, in <module>
    success = main()
  File "E:\Code\surf_data_update\main_noaa.py", line 335, in main
    if not run_system_checks():
  File "E:\Code\surf_data_update\main_noaa.py", line 243, in run_system_checks
    logger.info("\u2713 NOAA CO-OPS API connection successful")
Message: '\u2713 NOAA CO-OPS API connection successful'
Arguments: ()
2025-10-19 16:57:41,182 - INFO - Testing USNO API connection...
2025-10-19 16:57:42,105 - INFO - USNO API connection successful
--- Logging error ---
Traceback (most recent call last):
  File "C:\Python313\Lib\logging\__init__.py", line 1154, in emit
    stream.write(msg + self.terminator)
    ~~~~~~~~~~~~^^^^^^^^^^^^^^^^^^^^^^^
  File "C:\Python313\Lib\encodings\cp1252.py", line 19, in encode
    return codecs.charmap_encode(input,self.errors,encoding_table)[0]
           ~~~~~~~~~~~~~~~~~~~~~^^^^^^^^^^^^^^^^^^^^^^^^^^^^^^^^^^
UnicodeEncodeError: 'charmap' codec can't encode character '\u2713' in position 33: character maps to <undefined>
Call stack:
  File "E:\Code\surf_data_update\main_noaa.py", line 405, in <module>
    success = main()
  File "E:\Code\surf_data_update\main_noaa.py", line 335, in main
    if not run_system_checks():
  File "E:\Code\surf_data_update\main_noaa.py", line 249, in run_system_checks
    logger.info("\u2713 USNO API connection successful")
Message: '\u2713 USNO API connection successful'
Arguments: ()
2025-10-19 16:57:42,106 - INFO - Testing Open-Meteo API connection...
2025-10-19 16:57:42,114 - INFO - Open-Meteo API connection successful
--- Logging error ---
Traceback (most recent call last):
  File "C:\Python313\Lib\logging\__init__.py", line 1154, in emit
    stream.write(msg + self.terminator)
    ~~~~~~~~~~~~^^^^^^^^^^^^^^^^^^^^^^^
  File "C:\Python313\Lib\encodings\cp1252.py", line 19, in encode
    return codecs.charmap_encode(input,self.errors,encoding_table)[0]
           ~~~~~~~~~~~~~~~~~~~~~^^^^^^^^^^^^^^^^^^^^^^^^^^^^^^^^^^
UnicodeEncodeError: 'charmap' codec can't encode character '\u2713' in position 33: character maps to <undefined>
Call stack:
  File "E:\Code\surf_data_update\main_noaa.py", line 405, in <module>
    success = main()
  File "E:\Code\surf_data_update\main_noaa.py", line 335, in main
    if not run_system_checks():
  File "E:\Code\surf_data_update\main_noaa.py", line 258, in run_system_checks
    logger.info("\u2713 Open-Meteo API connection successful (optional fallback)")
Message: '\u2713 Open-Meteo API connection successful (optional fallback)'
Arguments: ()
2025-10-19 16:57:42,115 - INFO - System checks: 4/4 passed
2025-10-19 16:57:42,115 - INFO - STEP 1: Starting data cleanup
2025-10-19 16:57:42,115 - INFO - STEP 1: Cleaning up old data
2025-10-19 16:57:42,115 - INFO - DELETE: Removing forecast_data before 2025-10-19T00:00:00-07:00 (Pacific)
2025-10-19 16:57:42,572 - INFO - HTTP Request: DELETE https://wborkytqlmkcgwzhsoiz.supabase.co/rest/v1/forecast_data?timestamp=lt.2025-10-19T07%3A00%3A00Z "HTTP/2 200 OK"
2025-10-19 16:57:42,629 - INFO - HTTP Request: DELETE https://wborkytqlmkcgwzhsoiz.supabase.co/rest/v1/forecast_data?timestamp=lt.2025-10-19T00%3A00%3A00-07%3A00 "HTTP/2 200 OK"
2025-10-19 16:57:42,629 - INFO -    No tide rows older than 2025-10-19T00:00:00-07:00 found to delete
2025-10-19 16:57:42,696 - INFO - HTTP Request: GET https://wborkytqlmkcgwzhsoiz.supabase.co/rest/v1/forecast_data?select=timestamp&order=timestamp.asc&limit=1 "HTTP/2 200 OK"
2025-10-19 16:57:42,697 - INFO -    Earliest tide timestamp remaining: 2025-10-19T07:00:00+00:00
2025-10-19 16:57:42,697 - INFO - DELETE: Removing beach_tides_hourly before 2025-10-19T00:00:00-07:00 (Pacific)
2025-10-19 16:57:43,528 - INFO - HTTP Request: DELETE https://wborkytqlmkcgwzhsoiz.supabase.co/rest/v1/beach_tides_hourly?timestamp=lt.2025-10-19T07%3A00%3A00Z "HTTP/2 200 OK"
2025-10-19 16:57:43,594 - INFO - HTTP Request: DELETE https://wborkytqlmkcgwzhsoiz.supabase.co/rest/v1/beach_tides_hourly?timestamp=lt.2025-10-19T00%3A00%3A00-07%3A00 "HTTP/2 200 OK"
2025-10-19 16:57:43,594 - INFO -    No tide rows older than 2025-10-19T00:00:00-07:00 found to delete
2025-10-19 16:57:44,862 - INFO - HTTP Request: GET https://wborkytqlmkcgwzhsoiz.supabase.co/rest/v1/beach_tides_hourly?select=timestamp&order=timestamp.asc&limit=1 "HTTP/2 200 OK"
2025-10-19 16:57:44,863 - INFO -    Earliest tide timestamp remaining: 2025-10-19T07:00:00+00:00
2025-10-19 16:57:44,863 - INFO - DELETE: Removing daily_county_conditions before 2025-10-19
2025-10-19 16:57:44,915 - INFO - HTTP Request: DELETE https://wborkytqlmkcgwzhsoiz.supabase.co/rest/v1/daily_county_conditions?date=lt.2025-10-19 "HTTP/2 200 OK"
2025-10-19 16:57:44,916 - INFO -    Cleaned up daily conditions older than 2025-10-19
2025-10-19 16:57:44,916 - INFO - OK: Old data cleanup completed
2025-10-19 16:57:44,916 - INFO - STEP 2: Fetching location data
2025-10-19 16:57:44,916 - INFO - STEP 2: Fetching beach data
2025-10-19 16:57:44,996 - INFO - HTTP Request: GET https://wborkytqlmkcgwzhsoiz.supabase.co/rest/v1/beaches?select=id%2CName%2CLATITUDE%2CLONGITUDE&offset=0&limit=1000 "HTTP/2 206 Partial Content"
2025-10-19 16:57:45,004 - INFO -    Fetched 1000 beaches (batch 1)
2025-10-19 16:57:45,082 - INFO - HTTP Request: GET https://wborkytqlmkcgwzhsoiz.supabase.co/rest/v1/beaches?select=id%2CName%2CLATITUDE%2CLONGITUDE&offset=1000&limit=1000 "HTTP/2 206 Partial Content"
2025-10-19 16:57:45,083 - INFO -    Fetched 336 beaches (batch 2)
2025-10-19 16:57:45,084 - INFO - OK: Found 1336 beaches with valid coordinates
2025-10-19 16:57:45,084 - INFO - STEP 3: Calculating county centroids
2025-10-19 16:57:45,145 - INFO - HTTP Request: GET https://wborkytqlmkcgwzhsoiz.supabase.co/rest/v1/beaches?select=COUNTY%2CLATITUDE%2CLONGITUDE&offset=0&limit=1000 "HTTP/2 206 Partial Content"
2025-10-19 16:57:45,196 - INFO - HTTP Request: GET https://wborkytqlmkcgwzhsoiz.supabase.co/rest/v1/beaches?select=COUNTY%2CLATITUDE%2CLONGITUDE&offset=1000&limit=1000 "HTTP/2 206 Partial Content"
2025-10-19 16:57:45,197 - INFO - OK: Calculated centroids for 15 counties
2025-10-19 16:57:45,197 - INFO - Loaded 1336 beaches and 15 counties
2025-10-19 16:57:45,197 - INFO - STEP 3: Processing forecast data (NOAA stack)
2025-10-19 16:57:45,198 - INFO - STEP 4: Updating forecast data with 100% NOAA sources
2025-10-19 16:57:45,198 - INFO -    Loading NOAA GFSwave dataset (rate-limited)…
2025-10-19 16:57:45,198 - INFO -    Searching for available NOAA GFSwave dataset (rate limited)...
2025-10-19 16:57:45,198 - INFO -    Current UTC time: 2025-10-19T23:57:45.198146+00:00
2025-10-19 16:57:45,198 - INFO -    Current PST time: 2025-10-19 16:57:45 PDT
2025-10-19 16:57:45,198 - INFO -    Using dataset date: 20251019 (UTC-based for NOAA compatibility)
2025-10-19 16:57:45,198 - INFO -    Trying today's data: 20251019
2025-10-19 16:57:45,198 - INFO -    Base URL: http://nomads.ncep.noaa.gov:80/dods/wave/gfswave
2025-10-19 16:57:45,198 - INFO -    Testing URL: http://nomads.ncep.noaa.gov:80/dods/wave/gfswave/20251019/gfswave.wcoast.0p16_18z
2025-10-19 16:57:45,198 - INFO -       Testing: http://nomads.ncep.noaa.gov:80/dods/wave/gfswave/20251019/gfswave.wcoast.0p16_18z
C:\Users\Kayden\AppData\Roaming\Python\Python313\site-packages\xarray\coding\times.py:213: SerializationWarning: Ambiguous reference date string: 1-1-1 00:00:0.0. The first value is assumed to be the year hence will be padded with zeros to remove the ambiguity (the padded reference date string is: 0001-1-1 00:00:0.0). To remove this message, remove the ambiguity by padding your reference date strings with zeros.
  ref_date = _ensure_padded_year(ref_date)
2025-10-19 16:57:45,906 - INFO -       SUCCESS: 129 time steps, swell shape: (129, 151, 241)
2025-10-19 16:57:45,907 - INFO -    FOUND: Using 20251019 18z
2025-10-19 16:57:45,907 - INFO -    Loading NOAA GFSwave dataset with rate limiting...
C:\Users\Kayden\AppData\Roaming\Python\Python313\site-packages\xarray\coding\times.py:213: SerializationWarning: Ambiguous reference date string: 1-1-1 00:00:0.0. The first value is assumed to be the year hence will be padded with zeros to remove the ambiguity (the padded reference date string is: 0001-1-1 00:00:0.0). To remove this message, remove the ambiguity by padding your reference date strings with zeros.
  ref_date = _ensure_padded_year(ref_date)
2025-10-19 16:57:46,232 - INFO -    NOAA dataset loaded: 129 time steps
2025-10-19 16:57:46,232 - INFO -    Available variables: ['dirpwsfc', 'htsgwsfc', 'perpwsfc', 'swdir_1', 'swdir_2', 'swdir_3', 'swell_1', 'swell_2', 'swell_3', 'swper_1', 'swper_2', 'swper_3', 'ugrdsfc', 'vgrdsfc', 'wdirsfc', 'windsfc', 'wvdirsfc', 'wvhgtsfc', 'wvpersfc']
2025-10-19 16:57:46,232 - WARNING -    Wind gust (gustsfc) not available in this dataset
2025-10-19 16:57:46,232 - INFO - NOAA dataset validation passed
2025-10-19 16:57:46,232 - INFO -    RATE-LIMITED: Bulk extracting NOAA data for all beaches with CDIP enhancement...
2025-10-19 16:57:46,232 - INFO -    Loading CDIP forecast data for California coastline...
2025-10-19 16:57:46,232 - INFO -    Loading CDIP socal dataset from https://thredds.cdip.ucsd.edu/thredds/dodsC/cdip/model/MOP_alongshore/socal_alongshore_forecast.nc
2025-10-19 16:57:48,332 - INFO -    CDIP socal: Found spectral energy density data
2025-10-19 16:57:48,340 - INFO -    CDIP socal loaded: 80 timesteps, 5529 sites
2025-10-19 16:57:48,340 - INFO -    Loading CDIP norcal dataset from https://thredds.cdip.ucsd.edu/thredds/dodsC/cdip/model/MOP_alongshore/norcal_alongshore_forecast.nc
2025-10-19 16:57:50,226 - INFO -    CDIP norcal: Found spectral energy density data
2025-10-19 16:57:50,232 - INFO -    CDIP norcal loaded: 80 timesteps, 6065 sites
2025-10-19 16:57:50,232 - INFO -    Combining 2 CDIP datasets...
2025-10-19 16:57:50,276 - INFO -    CDIP combined data loaded: 80 timesteps, 11594 sites
2025-10-19 16:57:50,278 - INFO -      SOCAL: 5529 sites
2025-10-19 16:57:50,278 - INFO -      NORCAL: 6065 sites
2025-10-19 16:57:50,285 - INFO -    Grouping beaches by location to minimize server requests...
2025-10-19 16:57:50,286 - INFO -    Grouped 1336 beaches into 189 location groups
2025-10-19 16:57:50,286 - INFO -    Loading location group 1/189: 35.3,-120.8 (serves 13 beaches)...
2025-10-19 16:58:01,129 - INFO -    Location 35.3,-120.8 loaded and enhanced successfully
2025-10-19 16:58:01,129 - INFO -    Rate limiting: waiting 1.5s before next location...
2025-10-19 16:58:02,630 - INFO -    Loading location group 2/189: 33.8,-118.4 (serves 19 beaches)...
2025-10-19 16:58:16,817 - INFO -    Location 33.8,-118.4 loaded and enhanced successfully
2025-10-19 16:58:16,817 - INFO -    Rate limiting: waiting 1.5s before next location...
2025-10-19 16:58:18,318 - INFO -    Loading location group 3/189: 32.6,-117.1 (serves 18 beaches)...
2025-10-19 16:58:28,296 - INFO -    Location 32.6,-117.1 loaded and enhanced successfully
2025-10-19 16:58:28,296 - INFO -    Rate limiting: waiting 1.5s before next location...
2025-10-19 16:58:29,796 - INFO -    Loading location group 4/189: 32.5,-117.1 (serves 1 beaches)...
2025-10-19 16:58:40,433 - INFO -    Location 32.5,-117.1 loaded and enhanced successfully
2025-10-19 16:58:40,433 - INFO -    Rate limiting: waiting 1.5s before next location...
2025-10-19 16:58:41,934 - INFO -    Loading location group 5/189: 40.9,-124.1 (serves 6 beaches)...
2025-10-19 16:58:42,690 - WARNING -    No valid ocean point for location 40.9,-124.1
2025-10-19 16:58:42,690 - INFO -    Loading location group 6/189: 42.0,-124.2 (serves 2 beaches)...
2025-10-19 16:58:53,084 - INFO -    Location 42.0,-124.2 loaded and enhanced successfully
2025-10-19 16:58:53,084 - INFO -    Rate limiting: waiting 1.5s before next location...
2025-10-19 16:58:54,584 - INFO -    Loading location group 7/189: 41.9,-124.2 (serves 3 beaches)...
2025-10-19 16:59:05,384 - INFO -    Location 41.9,-124.2 loaded and enhanced successfully
2025-10-19 16:59:05,384 - INFO -    Rate limiting: waiting 1.5s before next location...
2025-10-19 16:59:06,885 - INFO -    Loading location group 8/189: 41.9,-124.1 (serves 1 beaches)...
2025-10-19 16:59:07,955 - WARNING -    No valid ocean point for location 41.9,-124.1
2025-10-19 16:59:07,955 - INFO -    Loading location group 9/189: 41.8,-124.2 (serves 10 beaches)...
2025-10-19 16:59:18,361 - INFO -    Location 41.8,-124.2 loaded and enhanced successfully
2025-10-19 16:59:18,361 - INFO -    Rate limiting: waiting 1.5s before next location...
2025-10-19 16:59:19,861 - INFO -    Loading location group 10/189: 41.8,-124.3 (serves 1 beaches)...
2025-10-19 16:59:30,518 - INFO -    Location 41.8,-124.3 loaded and enhanced successfully
2025-10-19 16:59:30,518 - INFO -    Rate limiting: waiting 1.5s before next location...
2025-10-19 16:59:32,018 - INFO -    Loading location group 11/189: 41.7,-124.2 (serves 11 beaches)...
2025-10-19 16:59:42,144 - INFO -    Location 41.7,-124.2 loaded and enhanced successfully
2025-10-19 16:59:42,145 - INFO -    Rate limiting: waiting 1.5s before next location...
2025-10-19 16:59:43,645 - INFO -    Loading location group 12/189: 41.7,-124.1 (serves 3 beaches)...
2025-10-19 16:59:54,374 - INFO -    Location 41.7,-124.1 loaded and enhanced successfully
2025-10-19 16:59:54,374 - INFO -    Rate limiting: waiting 1.5s before next location...
2025-10-19 16:59:55,875 - INFO -    Loading location group 13/189: 41.6,-124.1 (serves 3 beaches)...
2025-10-19 17:00:07,072 - INFO -    Location 41.6,-124.1 loaded and enhanced successfully
2025-10-19 17:00:07,072 - INFO -    Rate limiting: waiting 1.5s before next location...
2025-10-19 17:00:08,573 - INFO -    Loading location group 14/189: 41.5,-124.1 (serves 2 beaches)...
2025-10-19 17:00:29,659 - INFO -    Location 41.5,-124.1 loaded and enhanced successfully
2025-10-19 17:00:29,659 - INFO -    Rate limiting: waiting 1.5s before next location...
2025-10-19 17:00:31,160 - INFO -    Loading location group 15/189: 41.5,-124.0 (serves 2 beaches)...
2025-10-19 17:00:50,512 - INFO -    Location 41.5,-124.0 loaded and enhanced successfully
2025-10-19 17:00:50,512 - INFO -    Rate limiting: waiting 1.5s before next location...
2025-10-19 17:00:52,012 - INFO -    Loading location group 16/189: 41.4,-124.1 (serves 4 beaches)...
2025-10-19 17:01:14,907 - INFO -    Location 41.4,-124.1 loaded and enhanced successfully
2025-10-19 17:01:14,907 - INFO -    Rate limiting: waiting 1.5s before next location...
2025-10-19 17:01:16,408 - INFO -    Loading location group 17/189: 41.3,-124.1 (serves 5 beaches)...
2025-10-19 17:01:35,311 - INFO -    Location 41.3,-124.1 loaded and enhanced successfully
2025-10-19 17:01:35,311 - INFO -    Rate limiting: waiting 1.5s before next location...
2025-10-19 17:01:36,811 - INFO -    Loading location group 18/189: 41.2,-124.1 (serves 5 beaches)...
2025-10-19 17:01:53,554 - INFO -    Location 41.2,-124.1 loaded and enhanced successfully
2025-10-19 17:01:53,555 - INFO -    Rate limiting: waiting 1.5s before next location...
2025-10-19 17:01:55,055 - INFO -    Loading location group 19/189: 41.1,-124.2 (serves 2 beaches)...
2025-10-19 17:02:07,108 - INFO -    Location 41.1,-124.2 loaded and enhanced successfully
2025-10-19 17:02:07,109 - INFO -    Rate limiting: waiting 1.5s before next location...
2025-10-19 17:02:08,609 - INFO -    Loading location group 20/189: 41.1,-124.1 (serves 5 beaches)...
2025-10-19 17:02:22,455 - INFO -    Location 41.1,-124.1 loaded and enhanced successfully
2025-10-19 17:02:22,455 - INFO -    Rate limiting: waiting 1.5s before next location...
2025-10-19 17:02:23,955 - INFO -    Loading location group 21/189: 41.0,-124.1 (serves 7 beaches)...
2025-10-19 17:02:38,838 - INFO -    Location 41.0,-124.1 loaded and enhanced successfully
2025-10-19 17:02:38,839 - INFO -    Rate limiting: waiting 1.5s before next location...
2025-10-19 17:02:40,339 - INFO -    Loading location group 22/189: 40.8,-124.2 (serves 17 beaches)...
2025-10-19 17:02:53,036 - INFO -    Location 40.8,-124.2 loaded and enhanced successfully
2025-10-19 17:02:53,036 - INFO -    Rate limiting: waiting 1.5s before next location...
2025-10-19 17:02:54,537 - INFO -    Loading location group 23/189: 40.8,-124.1 (serves 4 beaches)...
2025-10-19 17:02:55,488 - WARNING -    No valid ocean point for location 40.8,-124.1
2025-10-19 17:02:55,489 - INFO -    Loading location group 24/189: 40.9,-124.2 (serves 4 beaches)...
2025-10-19 17:03:12,996 - INFO -    Location 40.9,-124.2 loaded and enhanced successfully
2025-10-19 17:03:12,996 - INFO -    Rate limiting: waiting 1.5s before next location...
2025-10-19 17:03:14,496 - INFO -    Loading location group 25/189: 34.4,-119.4 (serves 4 beaches)...
2025-10-19 17:03:26,618 - INFO -    Location 34.4,-119.4 loaded and enhanced successfully
2025-10-19 17:03:26,618 - INFO -    Rate limiting: waiting 1.5s before next location...
2025-10-19 17:03:28,118 - INFO -    Loading location group 26/189: 40.7,-124.2 (serves 6 beaches)...
2025-10-19 17:03:41,885 - INFO -    Location 40.7,-124.2 loaded and enhanced successfully
2025-10-19 17:03:41,886 - INFO -    Rate limiting: waiting 1.5s before next location...
2025-10-19 17:03:43,386 - INFO -    Loading location group 27/189: 40.7,-124.3 (serves 2 beaches)...
2025-10-19 17:03:54,957 - INFO -    Location 40.7,-124.3 loaded and enhanced successfully
2025-10-19 17:03:54,958 - INFO -    Rate limiting: waiting 1.5s before next location...
2025-10-19 17:03:56,458 - INFO -    Loading location group 28/189: 40.6,-124.3 (serves 5 beaches)...
2025-10-19 17:04:11,490 - INFO -    Location 40.6,-124.3 loaded and enhanced successfully
2025-10-19 17:04:11,490 - INFO -    Rate limiting: waiting 1.5s before next location...
2025-10-19 17:04:12,990 - INFO -    Loading location group 29/189: 40.6,-124.4 (serves 2 beaches)...
2025-10-19 17:04:25,316 - INFO -    Location 40.6,-124.4 loaded and enhanced successfully
2025-10-19 17:04:25,316 - INFO -    Rate limiting: waiting 1.5s before next location...
2025-10-19 17:04:26,816 - INFO -    Loading location group 30/189: 40.5,-124.4 (serves 1 beaches)...
2025-10-19 17:04:42,896 - INFO -    Location 40.5,-124.4 loaded and enhanced successfully
2025-10-19 17:04:42,896 - INFO -    Rate limiting: waiting 1.5s before next location...
2025-10-19 17:04:44,397 - INFO -    Loading location group 31/189: 40.4,-124.4 (serves 1 beaches)...
2025-10-19 17:04:56,010 - INFO -    Location 40.4,-124.4 loaded and enhanced successfully
2025-10-19 17:04:56,011 - INFO -    Rate limiting: waiting 1.5s before next location...
2025-10-19 17:04:57,511 - INFO -    Loading location group 32/189: 40.3,-124.4 (serves 1 beaches)...
2025-10-19 17:05:09,794 - INFO -    Location 40.3,-124.4 loaded and enhanced successfully
2025-10-19 17:05:09,794 - INFO -    Rate limiting: waiting 1.5s before next location...
2025-10-19 17:05:11,294 - INFO -    Loading location group 33/189: 40.2,-124.4 (serves 1 beaches)...
2025-10-19 17:05:23,492 - INFO -    Location 40.2,-124.4 loaded and enhanced successfully
2025-10-19 17:05:23,492 - INFO -    Rate limiting: waiting 1.5s before next location...
2025-10-19 17:05:24,992 - INFO -    Loading location group 34/189: 40.1,-124.0 (serves 1 beaches)...
2025-10-19 17:05:26,060 - WARNING -    No valid ocean point for location 40.1,-124.0
2025-10-19 17:05:26,060 - INFO -    Loading location group 35/189: 40.2,-124.2 (serves 1 beaches)...
2025-10-19 17:05:38,245 - INFO -    Location 40.2,-124.2 loaded and enhanced successfully
2025-10-19 17:05:38,246 - INFO -    Rate limiting: waiting 1.5s before next location...
2025-10-19 17:05:39,746 - INFO -    Loading location group 36/189: 40.0,-124.1 (serves 6 beaches)...
2025-10-19 17:05:51,544 - INFO -    Location 40.0,-124.1 loaded and enhanced successfully
2025-10-19 17:05:51,544 - INFO -    Rate limiting: waiting 1.5s before next location...
2025-10-19 17:05:53,044 - INFO -    Loading location group 37/189: 39.9,-124.0 (serves 1 beaches)...
2025-10-19 17:06:05,993 - INFO -    Location 39.9,-124.0 loaded and enhanced successfully
2025-10-19 17:06:05,994 - INFO -    Rate limiting: waiting 1.5s before next location...
2025-10-19 17:06:07,494 - INFO -    Loading location group 38/189: 39.9,-123.9 (serves 3 beaches)...
2025-10-19 17:06:18,494 - INFO -    Location 39.9,-123.9 loaded and enhanced successfully
2025-10-19 17:06:18,494 - INFO -    Rate limiting: waiting 1.5s before next location...
2025-10-19 17:06:19,994 - INFO -    Loading location group 39/189: 39.8,-123.8 (serves 1 beaches)...
2025-10-19 17:06:32,644 - INFO -    Location 39.8,-123.8 loaded and enhanced successfully
2025-10-19 17:06:32,644 - INFO -    Rate limiting: waiting 1.5s before next location...
2025-10-19 17:06:34,144 - INFO -    Loading location group 40/189: 39.7,-123.8 (serves 2 beaches)...
2025-10-19 17:06:46,193 - INFO -    Location 39.7,-123.8 loaded and enhanced successfully
2025-10-19 17:06:46,193 - INFO -    Rate limiting: waiting 1.5s before next location...
2025-10-19 17:06:47,694 - INFO -    Loading location group 41/189: 39.6,-123.8 (serves 8 beaches)...
2025-10-19 17:07:00,465 - INFO -    Location 39.6,-123.8 loaded and enhanced successfully
2025-10-19 17:07:00,465 - INFO -    Rate limiting: waiting 1.5s before next location...
2025-10-19 17:07:01,966 - INFO -    Loading location group 42/189: 39.5,-123.8 (serves 10 beaches)...
2025-10-19 17:07:13,081 - INFO -    Location 39.5,-123.8 loaded and enhanced successfully
2025-10-19 17:07:13,082 - INFO -    Rate limiting: waiting 1.5s before next location...
2025-10-19 17:07:14,582 - INFO -    Loading location group 43/189: 39.4,-123.8 (serves 17 beaches)...
2025-10-19 17:07:25,347 - INFO -    Location 39.4,-123.8 loaded and enhanced successfully
2025-10-19 17:07:25,347 - INFO -    Rate limiting: waiting 1.5s before next location...
2025-10-19 17:07:26,847 - INFO -    Loading location group 44/189: 39.3,-123.8 (serves 13 beaches)...
2025-10-19 17:07:38,021 - INFO -    Location 39.3,-123.8 loaded and enhanced successfully
2025-10-19 17:07:38,021 - INFO -    Rate limiting: waiting 1.5s before next location...
2025-10-19 17:07:39,521 - INFO -    Loading location group 45/189: 39.2,-123.8 (serves 7 beaches)...
2025-10-19 17:07:50,810 - INFO -    Location 39.2,-123.8 loaded and enhanced successfully
2025-10-19 17:07:50,810 - INFO -    Rate limiting: waiting 1.5s before next location...
2025-10-19 17:07:52,311 - INFO -    Loading location group 46/189: 39.2,-123.7 (serves 1 beaches)...
2025-10-19 17:08:03,036 - INFO -    Location 39.2,-123.7 loaded and enhanced successfully
2025-10-19 17:08:03,036 - INFO -    Rate limiting: waiting 1.5s before next location...
2025-10-19 17:08:04,536 - INFO -    Loading location group 47/189: 39.1,-123.7 (serves 3 beaches)...
2025-10-19 17:08:19,815 - INFO -    Location 39.1,-123.7 loaded and enhanced successfully
2025-10-19 17:08:19,815 - INFO -    Rate limiting: waiting 1.5s before next location...
2025-10-19 17:08:21,316 - INFO -    Loading location group 48/189: 39.0,-123.7 (serves 5 beaches)...
2025-10-19 17:08:36,259 - INFO -    Location 39.0,-123.7 loaded and enhanced successfully
2025-10-19 17:08:36,259 - INFO -    Rate limiting: waiting 1.5s before next location...
2025-10-19 17:08:37,759 - INFO -    Loading location group 49/189: 38.9,-123.7 (serves 12 beaches)...
2025-10-19 17:08:49,201 - INFO -    Location 38.9,-123.7 loaded and enhanced successfully
2025-10-19 17:08:49,201 - INFO -    Rate limiting: waiting 1.5s before next location...
2025-10-19 17:08:50,702 - INFO -    Loading location group 50/189: 38.9,-123.6 (serves 1 beaches)...
2025-10-19 17:09:01,291 - INFO -    Location 38.9,-123.6 loaded and enhanced successfully
2025-10-19 17:09:01,291 - INFO -    Rate limiting: waiting 1.5s before next location...
2025-10-19 17:09:02,792 - INFO -    Loading location group 51/189: 38.8,-123.6 (serves 4 beaches)...
2025-10-19 17:09:14,403 - INFO -    Location 38.8,-123.6 loaded and enhanced successfully
2025-10-19 17:09:14,404 - INFO -    Rate limiting: waiting 1.5s before next location...
2025-10-19 17:09:15,904 - INFO -    Loading location group 52/189: 38.8,-123.5 (serves 6 beaches)...
2025-10-19 17:09:27,785 - INFO -    Location 38.8,-123.5 loaded and enhanced successfully
2025-10-19 17:09:27,786 - INFO -    Rate limiting: waiting 1.5s before next location...
2025-10-19 17:09:29,286 - INFO -    Loading location group 53/189: 38.7,-123.5 (serves 4 beaches)...
2025-10-19 17:09:41,591 - INFO -    Location 38.7,-123.5 loaded and enhanced successfully
2025-10-19 17:09:41,591 - INFO -    Rate limiting: waiting 1.5s before next location...
2025-10-19 17:09:43,092 - INFO -    Loading location group 54/189: 38.7,-123.4 (serves 3 beaches)...
2025-10-19 17:09:53,804 - INFO -    Location 38.7,-123.4 loaded and enhanced successfully
2025-10-19 17:09:53,804 - INFO -    Rate limiting: waiting 1.5s before next location...
2025-10-19 17:09:55,304 - INFO -    Loading location group 55/189: 38.6,-123.4 (serves 3 beaches)...
2025-10-19 17:10:06,979 - INFO -    Location 38.6,-123.4 loaded and enhanced successfully
2025-10-19 17:10:06,979 - INFO -    Rate limiting: waiting 1.5s before next location...
2025-10-19 17:10:08,479 - INFO -    Loading location group 56/189: 38.6,-123.3 (serves 5 beaches)...
2025-10-19 17:10:20,909 - INFO -    Location 38.6,-123.3 loaded and enhanced successfully
2025-10-19 17:10:20,909 - INFO -    Rate limiting: waiting 1.5s before next location...
2025-10-19 17:10:22,410 - INFO -    Loading location group 57/189: 38.5,-123.3 (serves 4 beaches)...
2025-10-19 17:10:34,862 - INFO -    Location 38.5,-123.3 loaded and enhanced successfully
2025-10-19 17:10:34,862 - INFO -    Rate limiting: waiting 1.5s before next location...
2025-10-19 17:10:36,363 - INFO -    Loading location group 58/189: 38.5,-123.2 (serves 4 beaches)...
2025-10-19 17:10:48,856 - INFO -    Location 38.5,-123.2 loaded and enhanced successfully
2025-10-19 17:10:48,857 - INFO -    Rate limiting: waiting 1.5s before next location...
2025-10-19 17:10:50,357 - INFO -    Loading location group 59/189: 38.5,-123.1 (serves 5 beaches)...
2025-10-19 17:11:02,575 - INFO -    Location 38.5,-123.1 loaded and enhanced successfully
2025-10-19 17:11:02,576 - INFO -    Rate limiting: waiting 1.5s before next location...
2025-10-19 17:11:04,076 - INFO -    Loading location group 60/189: 38.4,-123.1 (serves 15 beaches)...
2025-10-19 17:11:16,353 - INFO -    Location 38.4,-123.1 loaded and enhanced successfully
2025-10-19 17:11:16,353 - INFO -    Rate limiting: waiting 1.5s before next location...
2025-10-19 17:11:17,853 - INFO -    Loading location group 61/189: 38.5,-123.0 (serves 1 beaches)...
2025-10-19 17:11:29,759 - INFO -    Location 38.5,-123.0 loaded and enhanced successfully
2025-10-19 17:11:29,759 - INFO -    Rate limiting: waiting 1.5s before next location...
2025-10-19 17:11:31,259 - INFO -    Loading location group 62/189: 38.3,-123.1 (serves 12 beaches)...
2025-10-19 17:11:42,789 - INFO -    Location 38.3,-123.1 loaded and enhanced successfully
2025-10-19 17:11:42,790 - INFO -    Rate limiting: waiting 1.5s before next location...
2025-10-19 17:11:44,290 - INFO -    Loading location group 63/189: 38.3,-123.0 (serves 9 beaches)...
2025-10-19 17:11:55,886 - INFO -    Location 38.3,-123.0 loaded and enhanced successfully
2025-10-19 17:11:55,886 - INFO -    Rate limiting: waiting 1.5s before next location...
2025-10-19 17:11:57,386 - INFO -    Loading location group 64/189: 38.2,-123.0 (serves 4 beaches)...
2025-10-19 17:12:10,063 - INFO -    Location 38.2,-123.0 loaded and enhanced successfully
2025-10-19 17:12:10,063 - INFO -    Rate limiting: waiting 1.5s before next location...
2025-10-19 17:12:11,564 - INFO -    Loading location group 65/189: 38.2,-122.9 (serves 10 beaches)...
2025-10-19 17:12:25,213 - INFO -    Location 38.2,-122.9 loaded and enhanced successfully
2025-10-19 17:12:25,213 - INFO -    Rate limiting: waiting 1.5s before next location...
2025-10-19 17:12:26,714 - INFO -    Loading location group 66/189: 38.1,-122.9 (serves 12 beaches)...
2025-10-19 17:12:38,024 - INFO -    Location 38.1,-122.9 loaded and enhanced successfully
2025-10-19 17:12:38,025 - INFO -    Rate limiting: waiting 1.5s before next location...
2025-10-19 17:12:39,525 - INFO -    Loading location group 67/189: 38.1,-122.8 (serves 8 beaches)...
2025-10-19 17:12:50,185 - INFO -    Location 38.1,-122.8 loaded and enhanced successfully
2025-10-19 17:12:50,185 - INFO -    Rate limiting: waiting 1.5s before next location...
2025-10-19 17:12:51,686 - INFO -    Loading location group 68/189: 38.1,-123.0 (serves 2 beaches)...
2025-10-19 17:13:02,613 - INFO -    Location 38.1,-123.0 loaded and enhanced successfully
2025-10-19 17:13:02,613 - INFO -    Rate limiting: waiting 1.5s before next location...
2025-10-19 17:13:04,113 - INFO -    Loading location group 69/189: 38.0,-123.0 (serves 5 beaches)...
2025-10-19 17:13:15,756 - INFO -    Location 38.0,-123.0 loaded and enhanced successfully
2025-10-19 17:13:15,756 - INFO -    Rate limiting: waiting 1.5s before next location...
2025-10-19 17:13:17,257 - INFO -    Loading location group 70/189: 38.0,-122.9 (serves 2 beaches)...
2025-10-19 17:13:27,969 - INFO -    Location 38.0,-122.9 loaded and enhanced successfully
2025-10-19 17:13:27,969 - INFO -    Rate limiting: waiting 1.5s before next location...
2025-10-19 17:13:29,469 - INFO -    Loading location group 71/189: 38.0,-122.8 (serves 1 beaches)...
2025-10-19 17:13:40,379 - INFO -    Location 38.0,-122.8 loaded and enhanced successfully
2025-10-19 17:13:40,379 - INFO -    Rate limiting: waiting 1.5s before next location...
2025-10-19 17:13:41,879 - INFO -    Loading location group 72/189: 37.9,-122.7 (serves 10 beaches)...
2025-10-19 17:13:52,771 - INFO -    Location 37.9,-122.7 loaded and enhanced successfully
2025-10-19 17:13:52,771 - INFO -    Rate limiting: waiting 1.5s before next location...
2025-10-19 17:13:54,271 - INFO -    Loading location group 73/189: 37.9,-122.6 (serves 6 beaches)...
2025-10-19 17:14:04,814 - INFO -    Location 37.9,-122.6 loaded and enhanced successfully
2025-10-19 17:14:04,814 - INFO -    Rate limiting: waiting 1.5s before next location...
2025-10-19 17:14:06,314 - INFO -    Loading location group 74/189: 37.8,-122.6 (serves 1 beaches)...
2025-10-19 17:14:19,778 - INFO -    Location 37.8,-122.6 loaded and enhanced successfully
2025-10-19 17:14:19,779 - INFO -    Rate limiting: waiting 1.5s before next location...
2025-10-19 17:14:21,279 - INFO -    Loading location group 75/189: 37.8,-122.5 (serves 21 beaches)...
2025-10-19 17:14:32,070 - INFO -    Location 37.8,-122.5 loaded and enhanced successfully
2025-10-19 17:14:32,070 - INFO -    Rate limiting: waiting 1.5s before next location...
2025-10-19 17:14:33,570 - INFO -    Loading location group 76/189: 37.9,-122.4 (serves 1 beaches)...
2025-10-19 17:14:34,653 - WARNING -    No valid ocean point for location 37.9,-122.4
2025-10-19 17:14:34,653 - INFO -    Loading location group 77/189: 37.8,-122.4 (serves 14 beaches)...
2025-10-19 17:14:35,411 - WARNING -    No valid ocean point for location 37.8,-122.4
2025-10-19 17:14:35,411 - INFO -    Loading location group 78/189: 37.7,-122.5 (serves 9 beaches)...
2025-10-19 17:14:46,385 - INFO -    Location 37.7,-122.5 loaded and enhanced successfully
2025-10-19 17:14:46,385 - INFO -    Rate limiting: waiting 1.5s before next location...
2025-10-19 17:14:47,885 - INFO -    Loading location group 79/189: 37.6,-122.5 (serves 13 beaches)...
2025-10-19 17:14:58,706 - INFO -    Location 37.6,-122.5 loaded and enhanced successfully
2025-10-19 17:14:58,706 - INFO -    Rate limiting: waiting 1.5s before next location...
2025-10-19 17:15:00,206 - INFO -    Loading location group 80/189: 37.5,-122.5 (serves 13 beaches)...
2025-10-19 17:15:15,667 - INFO -    Location 37.5,-122.5 loaded and enhanced successfully
2025-10-19 17:15:15,667 - INFO -    Rate limiting: waiting 1.5s before next location...
2025-10-19 17:15:17,168 - INFO -    Loading location group 81/189: 37.5,-122.4 (serves 2 beaches)...
2025-10-19 17:15:31,536 - INFO -    Location 37.5,-122.4 loaded and enhanced successfully
2025-10-19 17:15:31,536 - INFO -    Rate limiting: waiting 1.5s before next location...
2025-10-19 17:15:33,036 - INFO -    Loading location group 82/189: 37.4,-122.4 (serves 7 beaches)...
2025-10-19 17:15:44,795 - INFO -    Location 37.4,-122.4 loaded and enhanced successfully
2025-10-19 17:15:44,795 - INFO -    Rate limiting: waiting 1.5s before next location...
2025-10-19 17:15:46,296 - INFO -    Loading location group 83/189: 37.3,-122.4 (serves 7 beaches)...
2025-10-19 17:15:57,784 - INFO -    Location 37.3,-122.4 loaded and enhanced successfully
2025-10-19 17:15:57,784 - INFO -    Rate limiting: waiting 1.5s before next location...
2025-10-19 17:15:59,284 - INFO -    Loading location group 84/189: 37.2,-122.4 (serves 11 beaches)...
2025-10-19 17:16:10,841 - INFO -    Location 37.2,-122.4 loaded and enhanced successfully
2025-10-19 17:16:10,841 - INFO -    Rate limiting: waiting 1.5s before next location...
2025-10-19 17:16:12,342 - INFO -    Loading location group 85/189: 37.1,-122.3 (serves 5 beaches)...
2025-10-19 17:16:24,547 - INFO -    Location 37.1,-122.3 loaded and enhanced successfully
2025-10-19 17:16:24,547 - INFO -    Rate limiting: waiting 1.5s before next location...
2025-10-19 17:16:26,047 - INFO -    Loading location group 86/189: 37.0,-122.0 (serves 44 beaches)...
2025-10-19 17:16:26,839 - WARNING -    No valid ocean point for location 37.0,-122.0
2025-10-19 17:16:26,839 - INFO -    Loading location group 87/189: 37.0,-122.2 (serves 8 beaches)...
2025-10-19 17:16:38,225 - INFO -    Location 37.0,-122.2 loaded and enhanced successfully
2025-10-19 17:16:38,225 - INFO -    Rate limiting: waiting 1.5s before next location...
2025-10-19 17:16:39,726 - INFO -    Loading location group 88/189: 37.0,-122.1 (serves 7 beaches)...
2025-10-19 17:16:40,596 - WARNING -    No valid ocean point for location 37.0,-122.1
2025-10-19 17:16:40,596 - INFO -    Loading location group 89/189: 36.9,-122.1 (serves 2 beaches)...
2025-10-19 17:16:52,875 - INFO -    Location 36.9,-122.1 loaded and enhanced successfully
2025-10-19 17:16:52,876 - INFO -    Rate limiting: waiting 1.5s before next location...
2025-10-19 17:16:54,376 - INFO -    Loading location group 90/189: 36.9,-122.0 (serves 1 beaches)...
2025-10-19 17:17:06,377 - INFO -    Location 36.9,-122.0 loaded and enhanced successfully
2025-10-19 17:17:06,377 - INFO -    Rate limiting: waiting 1.5s before next location...
2025-10-19 17:17:07,877 - INFO -    Loading location group 91/189: 37.0,-121.9 (serves 7 beaches)...
2025-10-19 17:17:09,086 - WARNING -    No valid ocean point for location 37.0,-121.9
2025-10-19 17:17:09,086 - INFO -    Loading location group 92/189: 36.9,-121.9 (serves 4 beaches)...
2025-10-19 17:17:20,552 - INFO -    Location 36.9,-121.9 loaded and enhanced successfully
2025-10-19 17:17:20,553 - INFO -    Rate limiting: waiting 1.5s before next location...
2025-10-19 17:17:22,053 - INFO -    Loading location group 93/189: 36.9,-121.8 (serves 3 beaches)...
2025-10-19 17:17:33,470 - INFO -    Location 36.9,-121.8 loaded and enhanced successfully
2025-10-19 17:17:33,470 - INFO -    Rate limiting: waiting 1.5s before next location...
2025-10-19 17:17:34,971 - INFO -    Loading location group 94/189: 36.8,-121.8 (serves 11 beaches)...
2025-10-19 17:17:47,121 - INFO -    Location 36.8,-121.8 loaded and enhanced successfully
2025-10-19 17:17:47,121 - INFO -    Rate limiting: waiting 1.5s before next location...
2025-10-19 17:17:48,622 - INFO -    Loading location group 95/189: 36.8,-121.7 (serves 2 beaches)...
2025-10-19 17:17:59,735 - INFO -    Location 36.8,-121.7 loaded and enhanced successfully
2025-10-19 17:17:59,736 - INFO -    Rate limiting: waiting 1.5s before next location...
2025-10-19 17:18:01,236 - INFO -    Loading location group 96/189: 36.7,-121.8 (serves 7 beaches)...
2025-10-19 17:18:16,216 - INFO -    Location 36.7,-121.8 loaded and enhanced successfully
2025-10-19 17:18:16,216 - INFO -    Rate limiting: waiting 1.5s before next location...
2025-10-19 17:18:17,717 - INFO -    Loading location group 97/189: 36.6,-121.8 (serves 1 beaches)...
2025-10-19 17:18:29,380 - INFO -    Location 36.6,-121.8 loaded and enhanced successfully
2025-10-19 17:18:29,380 - INFO -    Rate limiting: waiting 1.5s before next location...
2025-10-19 17:18:30,880 - INFO -    Loading location group 98/189: 36.6,-121.9 (serves 35 beaches)...
2025-10-19 17:18:45,022 - INFO -    Location 36.6,-121.9 loaded and enhanced successfully
2025-10-19 17:18:45,022 - INFO -    Rate limiting: waiting 1.5s before next location...
2025-10-19 17:18:46,523 - INFO -    Loading location group 99/189: 36.6,-122.0 (serves 7 beaches)...
2025-10-19 17:18:57,786 - INFO -    Location 36.6,-122.0 loaded and enhanced successfully
2025-10-19 17:18:57,786 - INFO -    Rate limiting: waiting 1.5s before next location...
2025-10-19 17:18:59,286 - INFO -    Loading location group 100/189: 36.5,-121.9 (serves 5 beaches)...
2025-10-19 17:19:11,273 - INFO -    Location 36.5,-121.9 loaded and enhanced successfully
2025-10-19 17:19:11,273 - INFO -    Rate limiting: waiting 1.5s before next location...
2025-10-19 17:19:12,774 - INFO -    Loading location group 101/189: 36.4,-121.9 (serves 6 beaches)...
2025-10-19 17:19:25,921 - INFO -    Location 36.4,-121.9 loaded and enhanced successfully
2025-10-19 17:19:25,921 - INFO -    Rate limiting: waiting 1.5s before next location...
2025-10-19 17:19:27,421 - INFO -    Loading location group 102/189: 36.3,-121.9 (serves 3 beaches)...
2025-10-19 17:19:38,804 - INFO -    Location 36.3,-121.9 loaded and enhanced successfully
2025-10-19 17:19:38,805 - INFO -    Rate limiting: waiting 1.5s before next location...
2025-10-19 17:19:40,305 - INFO -    Loading location group 103/189: 36.3,-121.8 (serves 1 beaches)...
2025-10-19 17:19:50,957 - INFO -    Location 36.3,-121.8 loaded and enhanced successfully
2025-10-19 17:19:50,957 - INFO -    Rate limiting: waiting 1.5s before next location...
2025-10-19 17:19:52,457 - INFO -    Loading location group 104/189: 36.2,-121.8 (serves 2 beaches)...
2025-10-19 17:20:02,860 - INFO -    Location 36.2,-121.8 loaded and enhanced successfully
2025-10-19 17:20:02,860 - INFO -    Rate limiting: waiting 1.5s before next location...
2025-10-19 17:20:04,360 - INFO -    Loading location group 105/189: 36.2,-121.5 (serves 1 beaches)...
2025-10-19 17:20:09,539 - WARNING -    No valid ocean point for location 36.2,-121.5
2025-10-19 17:20:09,539 - INFO -    Loading location group 106/189: 36.2,-121.7 (serves 2 beaches)...
2025-10-19 17:20:20,109 - INFO -    Location 36.2,-121.7 loaded and enhanced successfully
2025-10-19 17:20:20,109 - INFO -    Rate limiting: waiting 1.5s before next location...
2025-10-19 17:20:21,609 - INFO -    Loading location group 107/189: 36.1,-121.6 (serves 1 beaches)...
2025-10-19 17:20:32,733 - INFO -    Location 36.1,-121.6 loaded and enhanced successfully
2025-10-19 17:20:32,734 - INFO -    Rate limiting: waiting 1.5s before next location...
2025-10-19 17:20:34,234 - INFO -    Loading location group 108/189: 36.0,-121.5 (serves 4 beaches)...
2025-10-19 17:20:44,441 - INFO -    Location 36.0,-121.5 loaded and enhanced successfully
2025-10-19 17:20:44,441 - INFO -    Rate limiting: waiting 1.5s before next location...
2025-10-19 17:20:45,942 - INFO -    Loading location group 109/189: 35.9,-121.5 (serves 5 beaches)...
2025-10-19 17:20:56,663 - INFO -    Location 35.9,-121.5 loaded and enhanced successfully
2025-10-19 17:20:56,664 - INFO -    Rate limiting: waiting 1.5s before next location...
2025-10-19 17:20:58,164 - INFO -    Loading location group 110/189: 35.9,-121.4 (serves 2 beaches)...
2025-10-19 17:21:10,868 - INFO -    Location 35.9,-121.4 loaded and enhanced successfully
2025-10-19 17:21:10,868 - INFO -    Rate limiting: waiting 1.5s before next location...
2025-10-19 17:21:12,369 - INFO -    Loading location group 111/189: 35.8,-121.3 (serves 2 beaches)...
2025-10-19 17:21:24,057 - INFO -    Location 35.8,-121.3 loaded and enhanced successfully
2025-10-19 17:21:24,057 - INFO -    Rate limiting: waiting 1.5s before next location...
2025-10-19 17:21:25,558 - INFO -    Loading location group 112/189: 35.7,-121.3 (serves 6 beaches)...
2025-10-19 17:21:36,425 - INFO -    Location 35.7,-121.3 loaded and enhanced successfully
2025-10-19 17:21:36,425 - INFO -    Rate limiting: waiting 1.5s before next location...
2025-10-19 17:21:37,925 - INFO -    Loading location group 113/189: 35.7,-121.2 (serves 2 beaches)...
2025-10-19 17:21:48,760 - INFO -    Location 35.7,-121.2 loaded and enhanced successfully
2025-10-19 17:21:48,760 - INFO -    Rate limiting: waiting 1.5s before next location...
2025-10-19 17:21:50,261 - INFO -    Loading location group 114/189: 35.6,-121.2 (serves 5 beaches)...
2025-10-19 17:22:01,418 - INFO -    Location 35.6,-121.2 loaded and enhanced successfully
2025-10-19 17:22:01,418 - INFO -    Rate limiting: waiting 1.5s before next location...
2025-10-19 17:22:02,918 - INFO -    Loading location group 115/189: 35.6,-121.1 (serves 13 beaches)...
2025-10-19 17:22:20,711 - INFO -    Location 35.6,-121.1 loaded and enhanced successfully
2025-10-19 17:22:20,711 - INFO -    Rate limiting: waiting 1.5s before next location...
2025-10-19 17:22:22,211 - INFO -    Loading location group 116/189: 35.5,-121.1 (serves 3 beaches)...
2025-10-19 17:22:32,931 - INFO -    Location 35.5,-121.1 loaded and enhanced successfully
2025-10-19 17:22:32,931 - INFO -    Rate limiting: waiting 1.5s before next location...
2025-10-19 17:22:34,432 - INFO -    Loading location group 117/189: 35.5,-121.0 (serves 2 beaches)...
2025-10-19 17:22:45,888 - INFO -    Location 35.5,-121.0 loaded and enhanced successfully
2025-10-19 17:22:45,888 - INFO -    Rate limiting: waiting 1.5s before next location...
2025-10-19 17:22:47,389 - INFO -    Loading location group 118/189: 35.5,-120.9 (serves 1 beaches)...
2025-10-19 17:22:58,378 - INFO -    Location 35.5,-120.9 loaded and enhanced successfully
2025-10-19 17:22:58,378 - INFO -    Rate limiting: waiting 1.5s before next location...
2025-10-19 17:22:59,879 - INFO -    Loading location group 119/189: 35.4,-120.9 (serves 21 beaches)...
2025-10-19 17:23:14,674 - INFO -    Location 35.4,-120.9 loaded and enhanced successfully
2025-10-19 17:23:14,674 - INFO -    Rate limiting: waiting 1.5s before next location...
2025-10-19 17:23:16,174 - INFO -    Loading location group 120/189: 35.4,-120.8 (serves 2 beaches)...
2025-10-19 17:23:27,676 - INFO -    Location 35.4,-120.8 loaded and enhanced successfully
2025-10-19 17:23:27,676 - INFO -    Rate limiting: waiting 1.5s before next location...
2025-10-19 17:23:29,177 - INFO -    Loading location group 121/189: 35.3,-120.9 (serves 7 beaches)...
2025-10-19 17:23:40,994 - INFO -    Location 35.3,-120.9 loaded and enhanced successfully
2025-10-19 17:23:40,994 - INFO -    Rate limiting: waiting 1.5s before next location...
2025-10-19 17:23:42,494 - INFO -    Loading location group 122/189: 35.2,-120.8 (serves 4 beaches)...
2025-10-19 17:23:52,770 - INFO -    Location 35.2,-120.8 loaded and enhanced successfully
2025-10-19 17:23:52,770 - INFO -    Rate limiting: waiting 1.5s before next location...
2025-10-19 17:23:54,271 - INFO -    Loading location group 123/189: 35.2,-120.7 (serves 17 beaches)...
2025-10-19 17:24:05,282 - INFO -    Location 35.2,-120.7 loaded and enhanced successfully
2025-10-19 17:24:05,283 - INFO -    Rate limiting: waiting 1.5s before next location...
2025-10-19 17:24:06,783 - INFO -    Loading location group 124/189: 35.1,-120.7 (serves 3 beaches)...
2025-10-19 17:24:18,080 - INFO -    Location 35.1,-120.7 loaded and enhanced successfully
2025-10-19 17:24:18,080 - INFO -    Rate limiting: waiting 1.5s before next location...
2025-10-19 17:24:19,581 - INFO -    Loading location group 125/189: 35.1,-120.6 (serves 10 beaches)...
2025-10-19 17:24:20,495 - WARNING -    No valid ocean point for location 35.1,-120.6
2025-10-19 17:24:20,495 - INFO -    Loading location group 126/189: 35.0,-120.6 (serves 4 beaches)...
2025-10-19 17:24:31,879 - INFO -    Location 35.0,-120.6 loaded and enhanced successfully
2025-10-19 17:24:31,879 - INFO -    Rate limiting: waiting 1.5s before next location...
2025-10-19 17:24:33,379 - INFO -    Loading location group 127/189: 34.9,-120.7 (serves 1 beaches)...
2025-10-19 17:24:43,681 - INFO -    Location 34.9,-120.7 loaded and enhanced successfully
2025-10-19 17:24:43,681 - INFO -    Rate limiting: waiting 1.5s before next location...
2025-10-19 17:24:45,181 - INFO -    Loading location group 128/189: 34.8,-120.6 (serves 1 beaches)...
2025-10-19 17:24:55,826 - INFO -    Location 34.8,-120.6 loaded and enhanced successfully
2025-10-19 17:24:55,826 - INFO -    Rate limiting: waiting 1.5s before next location...
2025-10-19 17:24:57,326 - INFO -    Loading location group 129/189: 34.7,-120.6 (serves 3 beaches)...
2025-10-19 17:25:08,570 - INFO -    Location 34.7,-120.6 loaded and enhanced successfully
2025-10-19 17:25:08,570 - INFO -    Rate limiting: waiting 1.5s before next location...
2025-10-19 17:25:10,071 - INFO -    Loading location group 130/189: 34.5,-120.5 (serves 1 beaches)...
2025-10-19 17:25:21,175 - INFO -    Location 34.5,-120.5 loaded and enhanced successfully
2025-10-19 17:25:21,175 - INFO -    Rate limiting: waiting 1.5s before next location...
2025-10-19 17:25:22,675 - INFO -    Loading location group 131/189: 34.5,-120.2 (serves 1 beaches)...
2025-10-19 17:25:23,499 - WARNING -    No valid ocean point for location 34.5,-120.2
2025-10-19 17:25:23,499 - INFO -    Loading location group 132/189: 34.5,-120.1 (serves 3 beaches)...
2025-10-19 17:25:24,294 - WARNING -    No valid ocean point for location 34.5,-120.1
2025-10-19 17:25:24,294 - INFO -    Loading location group 133/189: 34.5,-120.0 (serves 1 beaches)...
2025-10-19 17:25:35,386 - INFO -    Location 34.5,-120.0 loaded and enhanced successfully
2025-10-19 17:25:35,386 - INFO -    Rate limiting: waiting 1.5s before next location...
2025-10-19 17:25:36,887 - INFO -    Loading location group 134/189: 34.4,-120.0 (serves 1 beaches)...
2025-10-19 17:25:47,637 - INFO -    Location 34.4,-120.0 loaded and enhanced successfully
2025-10-19 17:25:47,637 - INFO -    Rate limiting: waiting 1.5s before next location...
2025-10-19 17:25:49,137 - INFO -    Loading location group 135/189: 34.4,-119.9 (serves 10 beaches)...
2025-10-19 17:25:59,876 - INFO -    Location 34.4,-119.9 loaded and enhanced successfully
2025-10-19 17:25:59,876 - INFO -    Rate limiting: waiting 1.5s before next location...
2025-10-19 17:26:01,376 - INFO -    Loading location group 136/189: 34.4,-119.8 (serves 3 beaches)...
2025-10-19 17:26:15,291 - INFO -    Location 34.4,-119.8 loaded and enhanced successfully
2025-10-19 17:26:15,291 - INFO -    Rate limiting: waiting 1.5s before next location...
2025-10-19 17:26:16,792 - INFO -    Loading location group 137/189: 34.4,-119.7 (serves 20 beaches)...
2025-10-19 17:26:27,468 - INFO -    Location 34.4,-119.7 loaded and enhanced successfully
2025-10-19 17:26:27,469 - INFO -    Rate limiting: waiting 1.5s before next location...
2025-10-19 17:26:28,969 - INFO -    Loading location group 138/189: 34.4,-119.6 (serves 7 beaches)...
2025-10-19 17:26:40,712 - INFO -    Location 34.4,-119.6 loaded and enhanced successfully
2025-10-19 17:26:40,712 - INFO -    Rate limiting: waiting 1.5s before next location...
2025-10-19 17:26:42,212 - INFO -    Loading location group 139/189: 33.9,-118.4 (serves 11 beaches)...
2025-10-19 17:26:52,629 - INFO -    Location 33.9,-118.4 loaded and enhanced successfully
2025-10-19 17:26:52,629 - INFO -    Rate limiting: waiting 1.5s before next location...
2025-10-19 17:26:54,129 - INFO -    Loading location group 140/189: 34.4,-119.5 (serves 9 beaches)...
2025-10-19 17:27:04,237 - INFO -    Location 34.4,-119.5 loaded and enhanced successfully
2025-10-19 17:27:04,237 - INFO -    Rate limiting: waiting 1.5s before next location...
2025-10-19 17:27:05,737 - INFO -    Loading location group 141/189: 34.0,-120.4 (serves 2 beaches)...
2025-10-19 17:27:19,912 - INFO -    Location 34.0,-120.4 loaded and enhanced successfully
2025-10-19 17:27:19,912 - INFO -    Rate limiting: waiting 1.5s before next location...
2025-10-19 17:27:21,413 - INFO -    Loading location group 142/189: 34.0,-120.0 (serves 1 beaches)...
2025-10-19 17:27:31,836 - INFO -    Location 34.0,-120.0 loaded and enhanced successfully
2025-10-19 17:27:31,837 - INFO -    Rate limiting: waiting 1.5s before next location...
2025-10-19 17:27:33,337 - INFO -    Loading location group 143/189: 34.0,-120.1 (serves 1 beaches)...
2025-10-19 17:27:44,021 - INFO -    Location 34.0,-120.1 loaded and enhanced successfully
2025-10-19 17:27:44,021 - INFO -    Rate limiting: waiting 1.5s before next location...
2025-10-19 17:27:45,522 - INFO -    Loading location group 144/189: 34.0,-119.6 (serves 2 beaches)...
2025-10-19 17:27:56,415 - INFO -    Location 34.0,-119.6 loaded and enhanced successfully
2025-10-19 17:27:56,415 - INFO -    Rate limiting: waiting 1.5s before next location...
2025-10-19 17:27:57,915 - INFO -    Loading location group 145/189: 34.0,-119.4 (serves 1 beaches)...
2025-10-19 17:28:08,445 - INFO -    Location 34.0,-119.4 loaded and enhanced successfully
2025-10-19 17:28:08,445 - INFO -    Rate limiting: waiting 1.5s before next location...
2025-10-19 17:28:09,946 - INFO -    Loading location group 146/189: 33.5,-119.0 (serves 3 beaches)...
2025-10-19 17:28:20,664 - INFO -    Location 33.5,-119.0 loaded and enhanced successfully
2025-10-19 17:28:20,664 - INFO -    Rate limiting: waiting 1.5s before next location...
2025-10-19 17:28:22,164 - INFO -    Loading location group 147/189: 34.3,-119.4 (serves 6 beaches)...
2025-10-19 17:28:33,101 - INFO -    Location 34.3,-119.4 loaded and enhanced successfully
2025-10-19 17:28:33,101 - INFO -    Rate limiting: waiting 1.5s before next location...
2025-10-19 17:28:34,601 - INFO -    Loading location group 148/189: 34.3,-119.3 (serves 14 beaches)...
2025-10-19 17:28:44,973 - INFO -    Location 34.3,-119.3 loaded and enhanced successfully
2025-10-19 17:28:44,973 - INFO -    Rate limiting: waiting 1.5s before next location...
2025-10-19 17:28:46,474 - INFO -    Loading location group 149/189: 34.2,-119.3 (serves 8 beaches)...
2025-10-19 17:28:56,515 - INFO -    Location 34.2,-119.3 loaded and enhanced successfully
2025-10-19 17:28:56,515 - INFO -    Rate limiting: waiting 1.5s before next location...
2025-10-19 17:28:58,015 - INFO -    Loading location group 150/189: 34.2,-119.2 (serves 12 beaches)...
2025-10-19 17:29:09,560 - INFO -    Location 34.2,-119.2 loaded and enhanced successfully
2025-10-19 17:29:09,560 - INFO -    Rate limiting: waiting 1.5s before next location...
2025-10-19 17:29:11,061 - INFO -    Loading location group 151/189: 34.1,-119.2 (serves 5 beaches)...
2025-10-19 17:29:24,642 - INFO -    Location 34.1,-119.2 loaded and enhanced successfully
2025-10-19 17:29:24,642 - INFO -    Rate limiting: waiting 1.5s before next location...
2025-10-19 17:29:26,142 - INFO -    Loading location group 152/189: 34.1,-119.1 (serves 2 beaches)...
2025-10-19 17:29:37,532 - INFO -    Location 34.1,-119.1 loaded and enhanced successfully
2025-10-19 17:29:37,533 - INFO -    Rate limiting: waiting 1.5s before next location...
2025-10-19 17:29:39,033 - INFO -    Loading location group 153/189: 34.1,-119.0 (serves 4 beaches)...
2025-10-19 17:29:49,903 - INFO -    Location 34.1,-119.0 loaded and enhanced successfully
2025-10-19 17:29:49,903 - INFO -    Rate limiting: waiting 1.5s before next location...
2025-10-19 17:29:51,403 - INFO -    Loading location group 154/189: 34.0,-119.0 (serves 1 beaches)...
2025-10-19 17:30:02,044 - INFO -    Location 34.0,-119.0 loaded and enhanced successfully
2025-10-19 17:30:02,044 - INFO -    Rate limiting: waiting 1.5s before next location...
2025-10-19 17:30:03,545 - INFO -    Loading location group 155/189: 34.0,-118.9 (serves 9 beaches)...
2025-10-19 17:30:16,397 - INFO -    Location 34.0,-118.9 loaded and enhanced successfully
2025-10-19 17:30:16,397 - INFO -    Rate limiting: waiting 1.5s before next location...
2025-10-19 17:30:17,897 - INFO -    Loading location group 156/189: 34.0,-118.8 (serves 11 beaches)...
2025-10-19 17:30:28,658 - INFO -    Location 34.0,-118.8 loaded and enhanced successfully
2025-10-19 17:30:28,658 - INFO -    Rate limiting: waiting 1.5s before next location...
2025-10-19 17:30:30,158 - INFO -    Loading location group 157/189: 34.0,-118.7 (serves 15 beaches)...
2025-10-19 17:30:41,127 - INFO -    Location 34.0,-118.7 loaded and enhanced successfully
2025-10-19 17:30:41,127 - INFO -    Rate limiting: waiting 1.5s before next location...
2025-10-19 17:30:42,627 - INFO -    Loading location group 158/189: 34.0,-118.6 (serves 10 beaches)...
2025-10-19 17:30:53,408 - INFO -    Location 34.0,-118.6 loaded and enhanced successfully
2025-10-19 17:30:53,408 - INFO -    Rate limiting: waiting 1.5s before next location...
2025-10-19 17:30:54,908 - INFO -    Loading location group 159/189: 33.7,-118.3 (serves 24 beaches)...
2025-10-19 17:31:05,169 - INFO -    Location 33.7,-118.3 loaded and enhanced successfully
2025-10-19 17:31:05,169 - INFO -    Rate limiting: waiting 1.5s before next location...
2025-10-19 17:31:06,669 - INFO -    Loading location group 160/189: 34.0,-118.5 (serves 23 beaches)...
2025-10-19 17:31:18,569 - INFO -    Location 34.0,-118.5 loaded and enhanced successfully
2025-10-19 17:31:18,569 - INFO -    Rate limiting: waiting 1.5s before next location...
2025-10-19 17:31:20,069 - INFO -    Loading location group 161/189: 34.0,-118.4 (serves 7 beaches)...
2025-10-19 17:31:20,971 - WARNING -    No valid ocean point for location 34.0,-118.4
2025-10-19 17:31:20,971 - INFO -    Loading location group 162/189: 33.7,-118.4 (serves 10 beaches)...
2025-10-19 17:31:31,854 - INFO -    Location 33.7,-118.4 loaded and enhanced successfully
2025-10-19 17:31:31,855 - INFO -    Rate limiting: waiting 1.5s before next location...
2025-10-19 17:31:33,355 - INFO -    Loading location group 163/189: 33.8,-118.3 (serves 1 beaches)...
2025-10-19 17:31:44,039 - INFO -    Location 33.8,-118.3 loaded and enhanced successfully
2025-10-19 17:31:44,039 - INFO -    Rate limiting: waiting 1.5s before next location...
2025-10-19 17:31:45,539 - INFO -    Loading location group 164/189: 33.7,-118.2 (serves 2 beaches)...
2025-10-19 17:31:56,309 - INFO -    Location 33.7,-118.2 loaded and enhanced successfully
2025-10-19 17:31:56,309 - INFO -    Rate limiting: waiting 1.5s before next location...
2025-10-19 17:31:57,810 - INFO -    Loading location group 165/189: 33.8,-118.2 (serves 14 beaches)...
2025-10-19 17:32:08,444 - INFO -    Location 33.8,-118.2 loaded and enhanced successfully
2025-10-19 17:32:08,444 - INFO -    Rate limiting: waiting 1.5s before next location...
2025-10-19 17:32:09,945 - INFO -    Loading location group 166/189: 33.8,-118.1 (serves 11 beaches)...
2025-10-19 17:32:20,813 - INFO -    Location 33.8,-118.1 loaded and enhanced successfully
2025-10-19 17:32:20,813 - INFO -    Rate limiting: waiting 1.5s before next location...
2025-10-19 17:32:22,313 - INFO -    Loading location group 167/189: 33.7,-118.1 (serves 16 beaches)...
2025-10-19 17:32:33,041 - INFO -    Location 33.7,-118.1 loaded and enhanced successfully
2025-10-19 17:32:33,041 - INFO -    Rate limiting: waiting 1.5s before next location...
2025-10-19 17:32:34,541 - INFO -    Loading location group 168/189: 33.4,-118.3 (serves 2 beaches)...
2025-10-19 17:32:45,737 - INFO -    Location 33.4,-118.3 loaded and enhanced successfully
2025-10-19 17:32:45,737 - INFO -    Rate limiting: waiting 1.5s before next location...
2025-10-19 17:32:47,237 - INFO -    Loading location group 169/189: 33.3,-118.3 (serves 4 beaches)...
2025-10-19 17:32:58,243 - INFO -    Location 33.3,-118.3 loaded and enhanced successfully
2025-10-19 17:32:58,243 - INFO -    Rate limiting: waiting 1.5s before next location...
2025-10-19 17:32:59,744 - INFO -    Loading location group 170/189: 33.5,-118.5 (serves 1 beaches)...
2025-10-19 17:33:14,425 - INFO -    Location 33.5,-118.5 loaded and enhanced successfully
2025-10-19 17:33:14,425 - INFO -    Rate limiting: waiting 1.5s before next location...
2025-10-19 17:33:15,925 - INFO -    Loading location group 171/189: 33.4,-118.5 (serves 4 beaches)...
2025-10-19 17:33:26,190 - INFO -    Location 33.4,-118.5 loaded and enhanced successfully
2025-10-19 17:33:26,190 - INFO -    Rate limiting: waiting 1.5s before next location...
2025-10-19 17:33:27,691 - INFO -    Loading location group 172/189: 33.7,-118.0 (serves 5 beaches)...
2025-10-19 17:33:38,920 - INFO -    Location 33.7,-118.0 loaded and enhanced successfully
2025-10-19 17:33:38,920 - INFO -    Rate limiting: waiting 1.5s before next location...
2025-10-19 17:33:40,420 - INFO -    Loading location group 173/189: 33.6,-118.0 (serves 5 beaches)...
2025-10-19 17:33:51,091 - INFO -    Location 33.6,-118.0 loaded and enhanced successfully
2025-10-19 17:33:51,091 - INFO -    Rate limiting: waiting 1.5s before next location...
2025-10-19 17:33:52,592 - INFO -    Loading location group 174/189: 33.6,-117.9 (serves 33 beaches)...
2025-10-19 17:34:03,678 - INFO -    Location 33.6,-117.9 loaded and enhanced successfully
2025-10-19 17:34:03,678 - INFO -    Rate limiting: waiting 1.5s before next location...
2025-10-19 17:34:05,178 - INFO -    Loading location group 175/189: 33.7,-117.9 (serves 1 beaches)...
2025-10-19 17:34:07,777 - WARNING -    No valid ocean point for location 33.7,-117.9
2025-10-19 17:34:07,777 - INFO -    Loading location group 176/189: 33.6,-117.8 (serves 3 beaches)...
2025-10-19 17:34:18,377 - INFO -    Location 33.6,-117.8 loaded and enhanced successfully
2025-10-19 17:34:18,377 - INFO -    Rate limiting: waiting 1.5s before next location...
2025-10-19 17:34:19,878 - INFO -    Loading location group 177/189: 33.5,-117.8 (serves 21 beaches)...
2025-10-19 17:34:30,311 - INFO -    Location 33.5,-117.8 loaded and enhanced successfully
2025-10-19 17:34:30,311 - INFO -    Rate limiting: waiting 1.5s before next location...
2025-10-19 17:34:31,812 - INFO -    Loading location group 178/189: 33.5,-117.7 (serves 20 beaches)...
2025-10-19 17:34:42,361 - INFO -    Location 33.5,-117.7 loaded and enhanced successfully
2025-10-19 17:34:42,361 - INFO -    Rate limiting: waiting 1.5s before next location...
2025-10-19 17:34:43,861 - INFO -    Loading location group 179/189: 33.4,-117.6 (serves 17 beaches)...
2025-10-19 17:34:54,977 - INFO -    Location 33.4,-117.6 loaded and enhanced successfully
2025-10-19 17:34:54,977 - INFO -    Rate limiting: waiting 1.5s before next location...
2025-10-19 17:34:56,477 - INFO -    Loading location group 180/189: 33.3,-117.5 (serves 2 beaches)...
2025-10-19 17:35:07,513 - INFO -    Location 33.3,-117.5 loaded and enhanced successfully
2025-10-19 17:35:07,513 - INFO -    Rate limiting: waiting 1.5s before next location...
2025-10-19 17:35:09,013 - INFO -    Loading location group 181/189: 33.4,-117.5 (serves 1 beaches)...
2025-10-19 17:35:19,345 - INFO -    Location 33.4,-117.5 loaded and enhanced successfully
2025-10-19 17:35:19,345 - INFO -    Rate limiting: waiting 1.5s before next location...
2025-10-19 17:35:20,845 - INFO -    Loading location group 182/189: 33.2,-117.4 (serves 16 beaches)...
2025-10-19 17:35:31,789 - INFO -    Location 33.2,-117.4 loaded and enhanced successfully
2025-10-19 17:35:31,789 - INFO -    Rate limiting: waiting 1.5s before next location...
2025-10-19 17:35:33,290 - INFO -    Loading location group 183/189: 33.1,-117.3 (serves 22 beaches)...
2025-10-19 17:35:43,869 - INFO -    Location 33.1,-117.3 loaded and enhanced successfully
2025-10-19 17:35:43,869 - INFO -    Rate limiting: waiting 1.5s before next location...
2025-10-19 17:35:45,369 - INFO -    Loading location group 184/189: 33.0,-117.3 (serves 21 beaches)...
2025-10-19 17:35:56,205 - INFO -    Location 33.0,-117.3 loaded and enhanced successfully
2025-10-19 17:35:56,205 - INFO -    Rate limiting: waiting 1.5s before next location...
2025-10-19 17:35:57,706 - INFO -    Loading location group 185/189: 32.9,-117.3 (serves 9 beaches)...
2025-10-19 17:36:08,243 - INFO -    Location 32.9,-117.3 loaded and enhanced successfully
2025-10-19 17:36:08,243 - INFO -    Rate limiting: waiting 1.5s before next location...
2025-10-19 17:36:09,744 - INFO -    Loading location group 186/189: 32.8,-117.3 (serves 26 beaches)...
2025-10-19 17:36:20,156 - INFO -    Location 32.8,-117.3 loaded and enhanced successfully
2025-10-19 17:36:20,156 - INFO -    Rate limiting: waiting 1.5s before next location...
2025-10-19 17:36:21,656 - INFO -    Loading location group 187/189: 32.8,-117.2 (serves 22 beaches)...
2025-10-19 17:36:35,367 - INFO -    Location 32.8,-117.2 loaded and enhanced successfully
2025-10-19 17:36:35,367 - INFO -    Rate limiting: waiting 1.5s before next location...
2025-10-19 17:36:36,867 - INFO -    Loading location group 188/189: 32.7,-117.3 (serves 5 beaches)...
2025-10-19 17:36:47,226 - INFO -    Location 32.7,-117.3 loaded and enhanced successfully
2025-10-19 17:36:47,226 - INFO -    Rate limiting: waiting 1.5s before next location...
2025-10-19 17:36:48,727 - INFO -    Loading location group 189/189: 32.7,-117.2 (serves 34 beaches)...
2025-10-19 17:36:59,160 - INFO -    Location 32.7,-117.2 loaded and enhanced successfully
2025-10-19 17:36:59,160 - INFO -    Processing all beaches using cached and enhanced grid data...
2025-10-19 17:37:43,290 - WARNING -    NOAA fallback: copied 5724 records from nearest neighbors for 108 beaches without direct data.
2025-10-19 17:37:43,291 - INFO -    RATE-LIMITED: Processed 1336 beaches -> 70808 records (CDIP NorCal/SoCal enhanced, neighbor-fill for 108 beaches)
2025-10-19 17:37:43,311 - INFO -    NOAA GFSwave complete: 70808 hourly records
2025-10-19 17:37:43,311 - INFO -    Sample timestamp: 2025-10-19T12:00:00-07:00
2025-10-19 17:37:43,527 - INFO -    Enhancing with NOAA NWS data (weather/temp/wind)…
2025-10-19 17:37:43,527 - INFO -    NWS supplement: fetching weather forecasts...
2025-10-19 17:37:43,635 - INFO -    NWS supplement: processing 1336 beaches...
